GROUP,PACKAGE,CLASS,INSTRUCTION_MISSED,INSTRUCTION_COVERED,BRANCH_MISSED,BRANCH_COVERED,LINE_MISSED,LINE_COVERED,COMPLEXITY_MISSED,COMPLEXITY_COVERED,METHOD_MISSED,METHOD_COVERED
ms-products,com.ms_products.controller,ProductController,0,35,0,0,0,6,0,5,0,5
ms-products,com.ms_products.mapper,ProductMapperImpl,0,86,0,6,0,25,0,7,0,4
ms-products,com.ms_products.service,ProductServiceImpl,0,171,0,4,0,35,0,13,0,11
ms-products,com.ms_products.exception,ProductNotFoundException,0,9,0,0,0,4,0,2,0,2
ms-products,com.ms_products.exception,GlobalExceptionHandler,0,64,0,0,0,15,0,6,0,6
ms-products,com.ms_products.exception,UnauthorizedException,0,4,0,0,0,2,0,1,0,1
