<?xml version="1.0" encoding="UTF-8"?>
<testsuite xmlns:xsi="http://www.w3.org/2001/XMLSchema-instance" xsi:noNamespaceSchemaLocation="https://maven.apache.org/surefire/maven-surefire-plugin/xsd/surefire-test-report.xsd" version="3.0.2" name="com.ms_products.service.repository.ProductRepositoryTest" time="4.851" tests="2" errors="0" skipped="0" failures="0">
  <properties>
[...]
</properties>
  <testcase name="findByStockLessThanTest" classname="com.ms_products.service.repository.ProductRepositoryTest" time="0.402">
    <system-out><![CDATA[2026-02-20T11:57:16.487-06:00  INFO 21684 --- [ms-products] [           main] t.c.s.AnnotationConfigContextLoaderUtils : Could not detect default configuration classes for test class [com.ms_products.service.repository.ProductRepositoryTest]: ProductRepositoryTest does not declare any static, non-private, non-final, nested classes annotated with @Configuration.
2026-02-20T11:57:16.542-06:00  INFO 21684 --- [ms-products] [           main] .b.t.c.SpringBootTestContextBootstrapper : Found @SpringBootConfiguration com.ms_products.MsProductsApplication for test class com.ms_products.service.repository.ProductRepositoryTest

  .   ____          _            __ _ _
 /\\ / ___'_ __ _ _(_)_ __  __ _ \ \ \ \
( ( )\___ | '_ | '_| | '_ \/ _` | \ \ \ \
 \\/  ___)| |_)| | | | | || (_| |  ) ) ) )
  '  |____| .__|_| |_|_| |_\__, | / / / /
 =========|_|==============|___/=/_/_/_/

 :: Spring Boot ::                (v3.4.2)

2026-02-20T11:57:16.833-06:00  INFO 21684 --- [ms-products] [           main] c.m.s.repository.ProductRepositoryTest   : Starting ProductRepositoryTest using Java 17.0.18 with PID 21684 (started by EDUARDO MARTINEZ in C:\Users\EDUARDO MARTINEZ\Desktop\ms-productos)
2026-02-20T11:57:16.833-06:00 DEBUG 21684 --- [ms-products] [           main] c.m.s.repository.ProductRepositoryTest   : Running with Spring Boot v3.4.2, Spring v6.2.2
2026-02-20T11:57:16.833-06:00  INFO 21684 --- [ms-products] [           main] c.m.s.repository.ProductRepositoryTest   : The following 1 profile is active: "local"
2026-02-20T11:57:17.088-06:00  INFO 21684 --- [ms-products] [           main] .s.d.r.c.RepositoryConfigurationDelegate : Bootstrapping Spring Data JPA repositories in DEFAULT mode.
2026-02-20T11:57:17.172-06:00  INFO 21684 --- [ms-products] [           main] .s.d.r.c.RepositoryConfigurationDelegate : Finished Spring Data repository scanning in 71 ms. Found 2 JPA repository interfaces.
2026-02-20T11:57:17.247-06:00  INFO 21684 --- [ms-products] [           main] beddedDataSourceBeanFactoryPostProcessor : Replacing 'dataSource' DataSource bean with embedded version
2026-02-20T11:57:17.346-06:00  INFO 21684 --- [ms-products] [           main] o.s.j.d.e.EmbeddedDatabaseFactory        : Starting embedded database: url='jdbc:h2:mem:63395bbe-cfcd-4e53-a0c7-97a33d99bd2f;DB_CLOSE_DELAY=-1;DB_CLOSE_ON_EXIT=false', username='sa'
2026-02-20T11:57:17.914-06:00  INFO 21684 --- [ms-products] [           main] o.hibernate.jpa.internal.util.LogHelper  : HHH000204: Processing PersistenceUnitInfo [name: default]
2026-02-20T11:57:18.054-06:00  INFO 21684 --- [ms-products] [           main] org.hibernate.Version                    : HHH000412: Hibernate ORM core version 6.6.5.Final
2026-02-20T11:57:18.132-06:00  INFO 21684 --- [ms-products] [           main] o.h.c.internal.RegionFactoryInitiator    : HHH000026: Second-level cache disabled
2026-02-20T11:57:18.391-06:00  INFO 21684 --- [ms-products] [           main] o.s.o.j.p.SpringPersistenceUnitInfo      : No LoadTimeWeaver setup: ignoring JPA class transformer
2026-02-20T11:57:18.496-06:00  WARN 21684 --- [ms-products] [           main] org.hibernate.orm.deprecation            : HHH90000025: H2Dialect does not need to be specified explicitly using 'hibernate.dialect' (remove the property setting and it will be selected by default)
2026-02-20T11:57:18.546-06:00  INFO 21684 --- [ms-products] [           main] org.hibernate.orm.connections.pooling    : HHH10001005: Database info:
	Database JDBC URL [Connecting through datasource 'org.springframework.jdbc.datasource.embedded.EmbeddedDatabaseFactory$EmbeddedDataSourceProxy@50d293a2']
	Database driver: undefined/unknown
	Database version: 2.3.232
	Autocommit mode: undefined/unknown
	Isolation level: undefined/unknown
	Minimum pool size: undefined/unknown
	Maximum pool size: undefined/unknown
2026-02-20T11:57:20.157-06:00  INFO 21684 --- [ms-products] [           main] o.h.e.t.j.p.i.JtaPlatformInitiator       : HHH000489: No JTA platform available (set 'hibernate.transaction.jta.platform' to enable JTA platform integration)
2026-02-20T11:57:20.267-06:00 DEBUG 21684 --- [ms-products] [           main] org.hibernate.SQL                        : 
    create table categories (
        id bigint generated by default as identity,
        active boolean not null,
        description varchar(255),
        name varchar(50) not null,
        primary key (id)
    )
Hibernate: 
    create table categories (
        id bigint generated by default as identity,
        active boolean not null,
        description varchar(255),
        name varchar(50) not null,
        primary key (id)
    )
2026-02-20T11:57:20.280-06:00 DEBUG 21684 --- [ms-products] [           main] org.hibernate.SQL                        : 
    create table inventory_idempotency (
        id bigint generated by default as identity,
        created_at timestamp(6),
        idempotency_key varchar(255) not null,
        product_id bigint not null,
        primary key (id)
    )
Hibernate: 
    create table inventory_idempotency (
        id bigint generated by default as identity,
        created_at timestamp(6),
        idempotency_key varchar(255) not null,
        product_id bigint not null,
        primary key (id)
    )
2026-02-20T11:57:20.280-06:00 DEBUG 21684 --- [ms-products] [           main] org.hibernate.SQL                        : 
    create table inventory_movements (
        id bigint generated by default as identity,
        created_at timestamp(6) not null,
        movement_type varchar(20) not null,
        quantity integer not null,
        reason varchar(255),
        product_id bigint not null,
        primary key (id)
    )
Hibernate: 
    create table inventory_movements (
        id bigint generated by default as identity,
        created_at timestamp(6) not null,
        movement_type varchar(20) not null,
        quantity integer not null,
        reason varchar(255),
        product_id bigint not null,
        primary key (id)
    )
2026-02-20T11:57:20.280-06:00 DEBUG 21684 --- [ms-products] [           main] org.hibernate.SQL                        : 
    create table product_categories (
        product_id bigint not null,
        category_id bigint not null,
        primary key (product_id, category_id)
    )
Hibernate: 
    create table product_categories (
        product_id bigint not null,
        category_id bigint not null,
        primary key (product_id, category_id)
    )
2026-02-20T11:57:20.288-06:00 DEBUG 21684 --- [ms-products] [           main] org.hibernate.SQL                        : 
    create table products (
        id bigint generated by default as identity,
        category varchar(255) not null,
        code varchar(10) not null,
        name varchar(100) not null,
        price float(53) not null,
        stock integer not null check (stock>=0),
        primary key (id)
    )
Hibernate: 
    create table products (
        id bigint generated by default as identity,
        category varchar(255) not null,
        code varchar(10) not null,
        name varchar(100) not null,
        price float(53) not null,
        stock integer not null check (stock>=0),
        primary key (id)
    )
2026-02-20T11:57:20.288-06:00 DEBUG 21684 --- [ms-products] [           main] org.hibernate.SQL                        : 
    alter table if exists categories 
       drop constraint if exists UKt8o6pivur7nn124jehx7cygw5
Hibernate: 
    alter table if exists categories 
       drop constraint if exists UKt8o6pivur7nn124jehx7cygw5
2026-02-20T11:57:20.288-06:00 DEBUG 21684 --- [ms-products] [           main] org.hibernate.SQL                        : 
    alter table if exists categories 
       add constraint UKt8o6pivur7nn124jehx7cygw5 unique (name)
Hibernate: 
    alter table if exists categories 
       add constraint UKt8o6pivur7nn124jehx7cygw5 unique (name)
2026-02-20T11:57:20.288-06:00 DEBUG 21684 --- [ms-products] [           main] org.hibernate.SQL                        : 
    alter table if exists inventory_idempotency 
       drop constraint if exists UKomu62h5k7g68vpsit271peluy
Hibernate: 
    alter table if exists inventory_idempotency 
       drop constraint if exists UKomu62h5k7g68vpsit271peluy
2026-02-20T11:57:20.295-06:00 DEBUG 21684 --- [ms-products] [           main] org.hibernate.SQL                        : 
    alter table if exists inventory_idempotency 
       add constraint UKomu62h5k7g68vpsit271peluy unique (idempotency_key)
Hibernate: 
    alter table if exists inventory_idempotency 
       add constraint UKomu62h5k7g68vpsit271peluy unique (idempotency_key)
2026-02-20T11:57:20.296-06:00 DEBUG 21684 --- [ms-products] [           main] org.hibernate.SQL                        : 
    create index idx_movement_product 
       on inventory_movements (product_id)
Hibernate: 
    create index idx_movement_product 
       on inventory_movements (product_id)
2026-02-20T11:57:20.298-06:00 DEBUG 21684 --- [ms-products] [           main] org.hibernate.SQL                        : 
    create index idx_movement_type 
       on inventory_movements (movement_type)
Hibernate: 
    create index idx_movement_type 
       on inventory_movements (movement_type)
2026-02-20T11:57:20.298-06:00 DEBUG 21684 --- [ms-products] [           main] org.hibernate.SQL                        : 
    alter table if exists products 
       drop constraint if exists idx_product_code_unique
Hibernate: 
    alter table if exists products 
       drop constraint if exists idx_product_code_unique
2026-02-20T11:57:20.298-06:00 DEBUG 21684 --- [ms-products] [           main] org.hibernate.SQL                        : 
    alter table if exists products 
       add constraint idx_product_code_unique unique (code)
Hibernate: 
    alter table if exists products 
       add constraint idx_product_code_unique unique (code)
2026-02-20T11:57:20.298-06:00 DEBUG 21684 --- [ms-products] [           main] org.hibernate.SQL                        : 
    alter table if exists inventory_movements 
       add constraint FK7lws1ve8g6b9itc054wj06uit 
       foreign key (product_id) 
       references products
Hibernate: 
    alter table if exists inventory_movements 
       add constraint FK7lws1ve8g6b9itc054wj06uit 
       foreign key (product_id) 
       references products
2026-02-20T11:57:20.298-06:00 DEBUG 21684 --- [ms-products] [           main] org.hibernate.SQL                        : 
    alter table if exists product_categories 
       add constraint FKd112rx0alycddsms029iifrih 
       foreign key (category_id) 
       references categories
Hibernate: 
    alter table if exists product_categories 
       add constraint FKd112rx0alycddsms029iifrih 
       foreign key (category_id) 
       references categories
2026-02-20T11:57:20.309-06:00 DEBUG 21684 --- [ms-products] [           main] org.hibernate.SQL                        : 
    alter table if exists product_categories 
       add constraint FKlda9rad6s180ha3dl1ncsp8n7 
       foreign key (product_id) 
       references products
Hibernate: 
    alter table if exists product_categories 
       add constraint FKlda9rad6s180ha3dl1ncsp8n7 
       foreign key (product_id) 
       references products
2026-02-20T11:57:20.312-06:00  INFO 21684 --- [ms-products] [           main] j.LocalContainerEntityManagerFactoryBean : Initialized JPA EntityManagerFactory for persistence unit 'default'
2026-02-20T11:57:20.909-06:00  INFO 21684 --- [ms-products] [           main] c.m.s.repository.ProductRepositoryTest   : Started ProductRepositoryTest in 4.353 seconds (process running for 12.764)
2026-02-20T11:57:20.996-06:00 DEBUG 21684 --- [ms-products] [           main] org.hibernate.SQL                        : 
    insert 
    into
        products
        (category, code, name, price, stock, id) 
    values
        (?, ?, ?, ?, ?, default)
Hibernate: 
    insert 
    into
        products
        (category, code, name, price, stock, id) 
    values
        (?, ?, ?, ?, ?, default)
2026-02-20T11:57:21.060-06:00 DEBUG 21684 --- [ms-products] [           main] org.hibernate.SQL                        : 
    insert 
    into
        products
        (category, code, name, price, stock, id) 
    values
        (?, ?, ?, ?, ?, default)
Hibernate: 
    insert 
    into
        products
        (category, code, name, price, stock, id) 
    values
        (?, ?, ?, ?, ?, default)
2026-02-20T11:57:21.270-06:00 DEBUG 21684 --- [ms-products] [           main] org.hibernate.SQL                        : 
    select
        pe1_0.id,
        pe1_0.category,
        pe1_0.code,
        pe1_0.name,
        pe1_0.price,
        pe1_0.stock 
    from
        products pe1_0 
    where
        pe1_0.stock<?
Hibernate: 
    select
        pe1_0.id,
        pe1_0.category,
        pe1_0.code,
        pe1_0.name,
        pe1_0.price,
        pe1_0.stock 
    from
        products pe1_0 
    where
        pe1_0.stock<?
]]></system-out>
  </testcase>
  <testcase name="findByCodeTest" classname="com.ms_products.service.repository.ProductRepositoryTest" time="0.01">
    <system-out><![CDATA[2026-02-20T11:57:21.322-06:00 DEBUG 21684 --- [ms-products] [           main] org.hibernate.SQL                        : 
    insert 
    into
        products
        (category, code, name, price, stock, id) 
    values
        (?, ?, ?, ?, ?, default)
Hibernate: 
    insert 
    into
        products
        (category, code, name, price, stock, id) 
    values
        (?, ?, ?, ?, ?, default)
2026-02-20T11:57:21.330-06:00 DEBUG 21684 --- [ms-products] [           main] org.hibernate.SQL                        : 
    select
        pe1_0.id,
        pe1_0.category,
        pe1_0.code,
        pe1_0.name,
        pe1_0.price,
        pe1_0.stock 
    from
        products pe1_0 
    where
        pe1_0.code=?
Hibernate: 
    select
        pe1_0.id,
        pe1_0.category,
        pe1_0.code,
        pe1_0.name,
        pe1_0.price,
        pe1_0.stock 
    from
        products pe1_0 
    where
        pe1_0.code=?
]]></system-out>
  </testcase>
</testsuite>